2022-07-30 01:20:58,099 INFO org.hibernate.validator.internal.util.Version [background-preinit] HV000001: Hibernate Validator 6.0.13.Final
2022-07-30 01:20:58,099 INFO org.springframework.boot.StartupInfoLogger [restartedMain] Starting FinalProjectApplication using Java 17.0.2 on PC with PID 15536 (C:\Users\Diego\Documents\Proyectos\Exercises\Final Project\finalproject\target\classes started by Diego in C:\Users\Diego\Documents\Proyectos\Exercises\Final Project\finalproject)
2022-07-30 01:20:58,100 INFO org.springframework.boot.SpringApplication [restartedMain] No active profile set, falling back to 1 default profile: "default"
2022-07-30 01:20:58,125 INFO org.springframework.boot.logging.DeferredLog [restartedMain] Devtools property defaults active! Set 'spring.devtools.add-properties' to 'false' to disable
2022-07-30 01:20:58,125 INFO org.springframework.boot.logging.DeferredLog [restartedMain] For additional web related logging consider setting the 'logging.level.web' property to 'DEBUG'
2022-07-30 01:20:58,705 INFO org.springframework.data.repository.config.RepositoryConfigurationDelegate [restartedMain] Bootstrapping Spring Data JPA repositories in DEFAULT mode.
2022-07-30 01:20:58,763 INFO org.springframework.data.repository.config.RepositoryConfigurationDelegate [restartedMain] Finished Spring Data repository scanning in 53 ms. Found 4 JPA repository interfaces.
2022-07-30 01:20:59,098 INFO org.springframework.boot.web.embedded.tomcat.TomcatWebServer [restartedMain] Tomcat initialized with port(s): 8080 (http)
2022-07-30 01:20:59,103 INFO org.apache.juli.logging.DirectJDKLog [restartedMain] Initializing ProtocolHandler ["http-nio-8080"]
2022-07-30 01:20:59,104 INFO org.apache.juli.logging.DirectJDKLog [restartedMain] Starting service [Tomcat]
2022-07-30 01:20:59,104 INFO org.apache.juli.logging.DirectJDKLog [restartedMain] Starting Servlet engine: [Apache Tomcat/9.0.65]
2022-07-30 01:20:59,165 INFO org.apache.juli.logging.DirectJDKLog [restartedMain] Initializing Spring embedded WebApplicationContext
2022-07-30 01:20:59,165 INFO org.springframework.boot.web.servlet.context.ServletWebServerApplicationContext [restartedMain] Root WebApplicationContext: initialization completed in 1040 ms
2022-07-30 01:20:59,317 INFO org.hibernate.jpa.internal.util.LogHelper [restartedMain] HHH000204: Processing PersistenceUnitInfo [name: default]
2022-07-30 01:20:59,340 INFO org.hibernate.Version [restartedMain] HHH000412: Hibernate ORM core version 5.6.10.Final
2022-07-30 01:20:59,409 INFO org.hibernate.annotations.common.reflection.java.JavaReflectionManager [restartedMain] HCANN000001: Hibernate Commons Annotations {5.1.2.Final}
2022-07-30 01:20:59,461 INFO com.zaxxer.hikari.HikariDataSource [restartedMain] HikariPool-1 - Starting...
2022-07-30 01:20:59,662 INFO com.zaxxer.hikari.HikariDataSource [restartedMain] HikariPool-1 - Start completed.
2022-07-30 01:20:59,668 INFO org.hibernate.dialect.Dialect [restartedMain] HHH000400: Using dialect: org.hibernate.dialect.MySQL5Dialect
2022-07-30 01:21:00,088 INFO org.hibernate.engine.transaction.jta.platform.internal.JtaPlatformInitiator [restartedMain] HHH000490: Using JtaPlatform implementation: [org.hibernate.engine.transaction.jta.platform.internal.NoJtaPlatform]
2022-07-30 01:21:00,093 INFO org.springframework.orm.jpa.AbstractEntityManagerFactoryBean [restartedMain] Initialized JPA EntityManagerFactory for persistence unit 'default'
2022-07-30 01:21:00,131 WARN org.springframework.boot.autoconfigure.orm.jpa.JpaBaseConfiguration$JpaWebConfiguration [restartedMain] spring.jpa.open-in-view is enabled by default. Therefore, database queries may be performed during view rendering. Explicitly configure spring.jpa.open-in-view to disable this warning
2022-07-30 01:21:00,454 INFO org.springframework.security.web.DefaultSecurityFilterChain [restartedMain] Will secure any request with [org.springframework.security.web.session.DisableEncodeUrlFilter@23ab345e, org.springframework.security.web.context.request.async.WebAsyncManagerIntegrationFilter@4cb66b14, org.springframework.security.web.context.SecurityContextPersistenceFilter@b0e7c74, org.springframework.security.web.header.HeaderWriterFilter@749fc51f, org.springframework.security.web.authentication.logout.LogoutFilter@1481a2c5, org.springframework.security.oauth2.client.web.OAuth2AuthorizationRequestRedirectFilter@118a50a6, org.springframework.security.oauth2.client.web.OAuth2LoginAuthenticationFilter@6ef93af4, org.springframework.security.web.authentication.ui.DefaultLoginPageGeneratingFilter@31ae0033, org.springframework.security.web.authentication.ui.DefaultLogoutPageGeneratingFilter@831c293, org.springframework.security.oauth2.server.resource.web.BearerTokenAuthenticationFilter@2bbeb3fa, org.springframework.security.web.savedrequest.RequestCacheAwareFilter@688ebfe6, org.springframework.security.web.servletapi.SecurityContextHolderAwareRequestFilter@7b995205, org.springframework.security.web.authentication.AnonymousAuthenticationFilter@5670cdf9, org.springframework.security.web.session.SessionManagementFilter@72f40176, org.springframework.security.web.access.ExceptionTranslationFilter@505f7921, org.springframework.security.web.access.intercept.FilterSecurityInterceptor@65e769f6]
2022-07-30 01:21:00,823 INFO org.springframework.boot.devtools.autoconfigure.OptionalLiveReloadServer [restartedMain] LiveReload server is running on port 35729
2022-07-30 01:21:00,826 INFO org.springframework.boot.actuate.endpoint.web.EndpointLinksResolver [restartedMain] Exposing 3 endpoint(s) beneath base path '/actuator'
2022-07-30 01:21:00,845 INFO org.apache.juli.logging.DirectJDKLog [restartedMain] Starting ProtocolHandler ["http-nio-8080"]
2022-07-30 01:21:00,857 INFO org.springframework.boot.web.embedded.tomcat.TomcatWebServer [restartedMain] Tomcat started on port(s): 8080 (http) with context path ''
2022-07-30 01:21:00,870 INFO org.springframework.boot.StartupInfoLogger [restartedMain] Started FinalProjectApplication in 3.004 seconds (JVM running for 3.45)
2022-07-30 01:21:01,298 INFO org.apache.juli.logging.DirectJDKLog [RMI TCP Connection(2)-192.168.0.5] Initializing Spring DispatcherServlet 'dispatcherServlet'
2022-07-30 01:21:01,298 INFO org.springframework.web.servlet.FrameworkServlet [RMI TCP Connection(2)-192.168.0.5] Initializing Servlet 'dispatcherServlet'
2022-07-30 01:21:01,299 INFO org.springframework.web.servlet.FrameworkServlet [RMI TCP Connection(2)-192.168.0.5] Completed initialization in 0 ms
2022-07-30 01:22:27,733 INFO org.springframework.orm.jpa.AbstractEntityManagerFactoryBean [SpringApplicationShutdownHook] Closing JPA EntityManagerFactory for persistence unit 'default'
2022-07-30 01:22:27,736 INFO com.zaxxer.hikari.HikariDataSource [SpringApplicationShutdownHook] HikariPool-1 - Shutdown initiated...
2022-07-30 01:22:27,741 INFO com.zaxxer.hikari.HikariDataSource [SpringApplicationShutdownHook] HikariPool-1 - Shutdown completed.
2022-07-30 01:22:29,756 INFO org.springframework.boot.StartupInfoLogger [restartedMain] Starting FinalProjectApplication using Java 17.0.2 on PC with PID 12520 (C:\Users\Diego\Documents\Proyectos\Exercises\Final Project\finalproject\target\classes started by Diego in C:\Users\Diego\Documents\Proyectos\Exercises\Final Project\finalproject)
2022-07-30 01:22:29,756 INFO org.hibernate.validator.internal.util.Version [background-preinit] HV000001: Hibernate Validator 6.0.13.Final
2022-07-30 01:22:29,757 DEBUG org.springframework.boot.StartupInfoLogger [restartedMain] Running with Spring Boot v2.7.2, Spring v5.3.22
2022-07-30 01:22:29,757 INFO org.springframework.boot.SpringApplication [restartedMain] No active profile set, falling back to 1 default profile: "default"
2022-07-30 01:22:29,782 INFO org.springframework.boot.logging.DeferredLog [restartedMain] Devtools property defaults active! Set 'spring.devtools.add-properties' to 'false' to disable
2022-07-30 01:22:29,782 INFO org.springframework.boot.logging.DeferredLog [restartedMain] For additional web related logging consider setting the 'logging.level.web' property to 'DEBUG'
2022-07-30 01:22:30,363 INFO org.springframework.data.repository.config.RepositoryConfigurationDelegate [restartedMain] Bootstrapping Spring Data JPA repositories in DEFAULT mode.
2022-07-30 01:22:30,421 INFO org.springframework.data.repository.config.RepositoryConfigurationDelegate [restartedMain] Finished Spring Data repository scanning in 52 ms. Found 4 JPA repository interfaces.
2022-07-30 01:22:30,780 INFO org.springframework.boot.web.embedded.tomcat.TomcatWebServer [restartedMain] Tomcat initialized with port(s): 8080 (http)
2022-07-30 01:22:30,784 INFO org.apache.juli.logging.DirectJDKLog [restartedMain] Initializing ProtocolHandler ["http-nio-8080"]
2022-07-30 01:22:30,784 INFO org.apache.juli.logging.DirectJDKLog [restartedMain] Starting service [Tomcat]
2022-07-30 01:22:30,784 INFO org.apache.juli.logging.DirectJDKLog [restartedMain] Starting Servlet engine: [Apache Tomcat/9.0.65]
2022-07-30 01:22:30,846 INFO org.apache.juli.logging.DirectJDKLog [restartedMain] Initializing Spring embedded WebApplicationContext
2022-07-30 01:22:30,846 INFO org.springframework.boot.web.servlet.context.ServletWebServerApplicationContext [restartedMain] Root WebApplicationContext: initialization completed in 1063 ms
2022-07-30 01:22:30,998 INFO org.hibernate.jpa.internal.util.LogHelper [restartedMain] HHH000204: Processing PersistenceUnitInfo [name: default]
2022-07-30 01:22:31,024 INFO org.hibernate.Version [restartedMain] HHH000412: Hibernate ORM core version 5.6.10.Final
2022-07-30 01:22:31,094 INFO org.hibernate.annotations.common.reflection.java.JavaReflectionManager [restartedMain] HCANN000001: Hibernate Commons Annotations {5.1.2.Final}
2022-07-30 01:22:31,151 INFO com.zaxxer.hikari.HikariDataSource [restartedMain] HikariPool-1 - Starting...
2022-07-30 01:22:31,358 INFO com.zaxxer.hikari.HikariDataSource [restartedMain] HikariPool-1 - Start completed.
2022-07-30 01:22:31,364 INFO org.hibernate.dialect.Dialect [restartedMain] HHH000400: Using dialect: org.hibernate.dialect.MySQL5Dialect
2022-07-30 01:22:31,789 INFO org.hibernate.engine.transaction.jta.platform.internal.JtaPlatformInitiator [restartedMain] HHH000490: Using JtaPlatform implementation: [org.hibernate.engine.transaction.jta.platform.internal.NoJtaPlatform]
2022-07-30 01:22:31,793 INFO org.springframework.orm.jpa.AbstractEntityManagerFactoryBean [restartedMain] Initialized JPA EntityManagerFactory for persistence unit 'default'
2022-07-30 01:22:31,830 WARN org.springframework.boot.autoconfigure.orm.jpa.JpaBaseConfiguration$JpaWebConfiguration [restartedMain] spring.jpa.open-in-view is enabled by default. Therefore, database queries may be performed during view rendering. Explicitly configure spring.jpa.open-in-view to disable this warning
2022-07-30 01:22:32,156 INFO org.springframework.security.web.DefaultSecurityFilterChain [restartedMain] Will secure any request with [org.springframework.security.web.session.DisableEncodeUrlFilter@5670cdf9, org.springframework.security.web.context.request.async.WebAsyncManagerIntegrationFilter@2c031aad, org.springframework.security.web.context.SecurityContextPersistenceFilter@592323d2, org.springframework.security.web.header.HeaderWriterFilter@59c9fd1f, org.springframework.security.web.authentication.logout.LogoutFilter@4e7d4320, org.springframework.security.oauth2.client.web.OAuth2AuthorizationRequestRedirectFilter@510b9c06, org.springframework.security.oauth2.client.web.OAuth2LoginAuthenticationFilter@1247e9e1, org.springframework.security.web.authentication.ui.DefaultLoginPageGeneratingFilter@1a8b492e, org.springframework.security.web.authentication.ui.DefaultLogoutPageGeneratingFilter@53122af2, org.springframework.security.oauth2.server.resource.web.BearerTokenAuthenticationFilter@7d54696d, org.springframework.security.web.savedrequest.RequestCacheAwareFilter@756e676, org.springframework.security.web.servletapi.SecurityContextHolderAwareRequestFilter@2bb32f27, org.springframework.security.web.authentication.AnonymousAuthenticationFilter@55315f59, org.springframework.security.web.session.SessionManagementFilter@1704d31b, org.springframework.security.web.access.ExceptionTranslationFilter@115e997a, org.springframework.security.web.access.intercept.FilterSecurityInterceptor@618f8419]
2022-07-30 01:22:32,535 INFO org.springframework.boot.devtools.autoconfigure.OptionalLiveReloadServer [restartedMain] LiveReload server is running on port 35729
2022-07-30 01:22:32,537 INFO org.springframework.boot.actuate.endpoint.web.EndpointLinksResolver [restartedMain] Exposing 3 endpoint(s) beneath base path '/actuator'
2022-07-30 01:22:32,557 INFO org.apache.juli.logging.DirectJDKLog [restartedMain] Starting ProtocolHandler ["http-nio-8080"]
2022-07-30 01:22:32,568 INFO org.springframework.boot.web.embedded.tomcat.TomcatWebServer [restartedMain] Tomcat started on port(s): 8080 (http) with context path ''
2022-07-30 01:22:32,580 INFO org.springframework.boot.StartupInfoLogger [restartedMain] Started FinalProjectApplication in 3.057 seconds (JVM running for 3.611)
2022-07-30 01:22:32,982 INFO org.apache.juli.logging.DirectJDKLog [RMI TCP Connection(3)-192.168.0.5] Initializing Spring DispatcherServlet 'dispatcherServlet'
2022-07-30 01:22:32,982 INFO org.springframework.web.servlet.FrameworkServlet [RMI TCP Connection(3)-192.168.0.5] Initializing Servlet 'dispatcherServlet'
2022-07-30 01:22:32,983 INFO org.springframework.web.servlet.FrameworkServlet [RMI TCP Connection(3)-192.168.0.5] Completed initialization in 1 ms
2022-07-30 01:24:37,450 INFO org.springframework.orm.jpa.AbstractEntityManagerFactoryBean [SpringApplicationShutdownHook] Closing JPA EntityManagerFactory for persistence unit 'default'
2022-07-30 01:24:37,454 INFO com.zaxxer.hikari.HikariDataSource [SpringApplicationShutdownHook] HikariPool-1 - Shutdown initiated...
2022-07-30 01:24:37,459 INFO com.zaxxer.hikari.HikariDataSource [SpringApplicationShutdownHook] HikariPool-1 - Shutdown completed.
2022-07-30 01:24:39,408 INFO org.hibernate.validator.internal.util.Version [background-preinit] HV000001: Hibernate Validator 6.0.13.Final
2022-07-30 01:24:39,408 INFO org.springframework.boot.StartupInfoLogger [restartedMain] Starting FinalProjectApplication using Java 17.0.2 on PC with PID 2348 (C:\Users\Diego\Documents\Proyectos\Exercises\Final Project\finalproject\target\classes started by Diego in C:\Users\Diego\Documents\Proyectos\Exercises\Final Project\finalproject)
2022-07-30 01:24:39,409 DEBUG org.springframework.boot.StartupInfoLogger [restartedMain] Running with Spring Boot v2.7.2, Spring v5.3.22
2022-07-30 01:24:39,409 INFO org.springframework.boot.SpringApplication [restartedMain] No active profile set, falling back to 1 default profile: "default"
2022-07-30 01:24:39,433 INFO org.springframework.boot.logging.DeferredLog [restartedMain] Devtools property defaults active! Set 'spring.devtools.add-properties' to 'false' to disable
2022-07-30 01:24:39,434 INFO org.springframework.boot.logging.DeferredLog [restartedMain] For additional web related logging consider setting the 'logging.level.web' property to 'DEBUG'
2022-07-30 01:24:40,009 INFO org.springframework.data.repository.config.RepositoryConfigurationDelegate [restartedMain] Bootstrapping Spring Data JPA repositories in DEFAULT mode.
2022-07-30 01:24:40,067 INFO org.springframework.data.repository.config.RepositoryConfigurationDelegate [restartedMain] Finished Spring Data repository scanning in 52 ms. Found 4 JPA repository interfaces.
2022-07-30 01:24:40,408 INFO org.springframework.boot.web.embedded.tomcat.TomcatWebServer [restartedMain] Tomcat initialized with port(s): 8080 (http)
2022-07-30 01:24:40,413 INFO org.apache.juli.logging.DirectJDKLog [restartedMain] Initializing ProtocolHandler ["http-nio-8080"]
2022-07-30 01:24:40,414 INFO org.apache.juli.logging.DirectJDKLog [restartedMain] Starting service [Tomcat]
2022-07-30 01:24:40,414 INFO org.apache.juli.logging.DirectJDKLog [restartedMain] Starting Servlet engine: [Apache Tomcat/9.0.65]
2022-07-30 01:24:40,476 INFO org.apache.juli.logging.DirectJDKLog [restartedMain] Initializing Spring embedded WebApplicationContext
2022-07-30 01:24:40,476 INFO org.springframework.boot.web.servlet.context.ServletWebServerApplicationContext [restartedMain] Root WebApplicationContext: initialization completed in 1042 ms
2022-07-30 01:24:40,627 INFO org.hibernate.jpa.internal.util.LogHelper [restartedMain] HHH000204: Processing PersistenceUnitInfo [name: default]
2022-07-30 01:24:40,651 INFO org.hibernate.Version [restartedMain] HHH000412: Hibernate ORM core version 5.6.10.Final
2022-07-30 01:24:40,720 INFO org.hibernate.annotations.common.reflection.java.JavaReflectionManager [restartedMain] HCANN000001: Hibernate Commons Annotations {5.1.2.Final}
2022-07-30 01:24:40,774 INFO com.zaxxer.hikari.HikariDataSource [restartedMain] HikariPool-1 - Starting...
2022-07-30 01:24:40,978 INFO com.zaxxer.hikari.HikariDataSource [restartedMain] HikariPool-1 - Start completed.
2022-07-30 01:24:40,984 INFO org.hibernate.dialect.Dialect [restartedMain] HHH000400: Using dialect: org.hibernate.dialect.MySQL5Dialect
2022-07-30 01:24:41,421 INFO org.hibernate.engine.transaction.jta.platform.internal.JtaPlatformInitiator [restartedMain] HHH000490: Using JtaPlatform implementation: [org.hibernate.engine.transaction.jta.platform.internal.NoJtaPlatform]
2022-07-30 01:24:41,426 INFO org.springframework.orm.jpa.AbstractEntityManagerFactoryBean [restartedMain] Initialized JPA EntityManagerFactory for persistence unit 'default'
2022-07-30 01:24:41,467 WARN org.springframework.boot.autoconfigure.orm.jpa.JpaBaseConfiguration$JpaWebConfiguration [restartedMain] spring.jpa.open-in-view is enabled by default. Therefore, database queries may be performed during view rendering. Explicitly configure spring.jpa.open-in-view to disable this warning
2022-07-30 01:24:41,792 INFO org.springframework.security.web.DefaultSecurityFilterChain [restartedMain] Will secure any request with [org.springframework.security.web.session.DisableEncodeUrlFilter@5bd690d6, org.springframework.security.web.context.request.async.WebAsyncManagerIntegrationFilter@c4cfa50, org.springframework.security.web.context.SecurityContextPersistenceFilter@c99e71d, org.springframework.security.web.header.HeaderWriterFilter@698db8d, org.springframework.security.web.authentication.logout.LogoutFilter@74b416ae, org.springframework.security.oauth2.client.web.OAuth2AuthorizationRequestRedirectFilter@32ab2b82, org.springframework.security.oauth2.client.web.OAuth2LoginAuthenticationFilter@1be500de, org.springframework.security.web.authentication.ui.DefaultLoginPageGeneratingFilter@27640a78, org.springframework.security.web.authentication.ui.DefaultLogoutPageGeneratingFilter@3fefc1a7, org.springframework.security.oauth2.server.resource.web.BearerTokenAuthenticationFilter@57ce8abd, org.springframework.security.web.savedrequest.RequestCacheAwareFilter@586466c3, org.springframework.security.web.servletapi.SecurityContextHolderAwareRequestFilter@ae50b36, org.springframework.security.web.authentication.AnonymousAuthenticationFilter@343a4e98, org.springframework.security.web.session.SessionManagementFilter@73266b8f, org.springframework.security.web.access.ExceptionTranslationFilter@6dd80de2, org.springframework.security.web.access.intercept.FilterSecurityInterceptor@5ec41269]
2022-07-30 01:24:42,190 INFO org.springframework.boot.devtools.autoconfigure.OptionalLiveReloadServer [restartedMain] LiveReload server is running on port 35729
2022-07-30 01:24:42,194 INFO org.springframework.boot.actuate.endpoint.web.EndpointLinksResolver [restartedMain] Exposing 3 endpoint(s) beneath base path '/actuator'
2022-07-30 01:24:42,224 INFO org.apache.juli.logging.DirectJDKLog [restartedMain] Starting ProtocolHandler ["http-nio-8080"]
2022-07-30 01:24:42,239 INFO org.springframework.boot.web.embedded.tomcat.TomcatWebServer [restartedMain] Tomcat started on port(s): 8080 (http) with context path ''
2022-07-30 01:24:42,252 INFO org.springframework.boot.StartupInfoLogger [restartedMain] Started FinalProjectApplication in 3.079 seconds (JVM running for 3.556)
2022-07-30 01:24:42,587 INFO org.apache.juli.logging.DirectJDKLog [RMI TCP Connection(3)-192.168.0.5] Initializing Spring DispatcherServlet 'dispatcherServlet'
2022-07-30 01:24:42,587 INFO org.springframework.web.servlet.FrameworkServlet [RMI TCP Connection(3)-192.168.0.5] Initializing Servlet 'dispatcherServlet'
2022-07-30 01:24:42,589 INFO org.springframework.web.servlet.FrameworkServlet [RMI TCP Connection(3)-192.168.0.5] Completed initialization in 1 ms
2022-07-30 01:25:38,588 INFO org.springframework.orm.jpa.AbstractEntityManagerFactoryBean [SpringApplicationShutdownHook] Closing JPA EntityManagerFactory for persistence unit 'default'
2022-07-30 01:25:38,592 INFO com.zaxxer.hikari.HikariDataSource [SpringApplicationShutdownHook] HikariPool-1 - Shutdown initiated...
2022-07-30 01:25:38,597 INFO com.zaxxer.hikari.HikariDataSource [SpringApplicationShutdownHook] HikariPool-1 - Shutdown completed.
2022-07-30 01:25:40,566 INFO org.hibernate.validator.internal.util.Version [background-preinit] HV000001: Hibernate Validator 6.0.13.Final
2022-07-30 01:25:40,567 INFO org.springframework.boot.StartupInfoLogger [restartedMain] Starting FinalProjectApplication using Java 17.0.2 on PC with PID 1768 (C:\Users\Diego\Documents\Proyectos\Exercises\Final Project\finalproject\target\classes started by Diego in C:\Users\Diego\Documents\Proyectos\Exercises\Final Project\finalproject)
2022-07-30 01:25:40,567 DEBUG org.springframework.boot.StartupInfoLogger [restartedMain] Running with Spring Boot v2.7.2, Spring v5.3.22
2022-07-30 01:25:40,567 INFO org.springframework.boot.SpringApplication [restartedMain] No active profile set, falling back to 1 default profile: "default"
2022-07-30 01:25:40,592 INFO org.springframework.boot.logging.DeferredLog [restartedMain] Devtools property defaults active! Set 'spring.devtools.add-properties' to 'false' to disable
2022-07-30 01:25:40,592 INFO org.springframework.boot.logging.DeferredLog [restartedMain] For additional web related logging consider setting the 'logging.level.web' property to 'DEBUG'
2022-07-30 01:25:41,184 INFO org.springframework.data.repository.config.RepositoryConfigurationDelegate [restartedMain] Bootstrapping Spring Data JPA repositories in DEFAULT mode.
2022-07-30 01:25:41,240 INFO org.springframework.data.repository.config.RepositoryConfigurationDelegate [restartedMain] Finished Spring Data repository scanning in 51 ms. Found 4 JPA repository interfaces.
2022-07-30 01:25:41,574 INFO org.springframework.boot.web.embedded.tomcat.TomcatWebServer [restartedMain] Tomcat initialized with port(s): 8080 (http)
2022-07-30 01:25:41,579 INFO org.apache.juli.logging.DirectJDKLog [restartedMain] Initializing ProtocolHandler ["http-nio-8080"]
2022-07-30 01:25:41,580 INFO org.apache.juli.logging.DirectJDKLog [restartedMain] Starting service [Tomcat]
2022-07-30 01:25:41,580 INFO org.apache.juli.logging.DirectJDKLog [restartedMain] Starting Servlet engine: [Apache Tomcat/9.0.65]
2022-07-30 01:25:41,641 INFO org.apache.juli.logging.DirectJDKLog [restartedMain] Initializing Spring embedded WebApplicationContext
2022-07-30 01:25:41,642 INFO org.springframework.boot.web.servlet.context.ServletWebServerApplicationContext [restartedMain] Root WebApplicationContext: initialization completed in 1050 ms
2022-07-30 01:25:41,791 INFO org.hibernate.jpa.internal.util.LogHelper [restartedMain] HHH000204: Processing PersistenceUnitInfo [name: default]
2022-07-30 01:25:41,814 INFO org.hibernate.Version [restartedMain] HHH000412: Hibernate ORM core version 5.6.10.Final
2022-07-30 01:25:41,883 INFO org.hibernate.annotations.common.reflection.java.JavaReflectionManager [restartedMain] HCANN000001: Hibernate Commons Annotations {5.1.2.Final}
2022-07-30 01:25:41,934 INFO com.zaxxer.hikari.HikariDataSource [restartedMain] HikariPool-1 - Starting...
2022-07-30 01:25:42,134 INFO com.zaxxer.hikari.HikariDataSource [restartedMain] HikariPool-1 - Start completed.
2022-07-30 01:25:42,140 INFO org.hibernate.dialect.Dialect [restartedMain] HHH000400: Using dialect: org.hibernate.dialect.MySQL5Dialect
2022-07-30 01:25:42,602 INFO org.hibernate.engine.transaction.jta.platform.internal.JtaPlatformInitiator [restartedMain] HHH000490: Using JtaPlatform implementation: [org.hibernate.engine.transaction.jta.platform.internal.NoJtaPlatform]
2022-07-30 01:25:42,607 INFO org.springframework.orm.jpa.AbstractEntityManagerFactoryBean [restartedMain] Initialized JPA EntityManagerFactory for persistence unit 'default'
2022-07-30 01:25:42,646 WARN org.springframework.boot.autoconfigure.orm.jpa.JpaBaseConfiguration$JpaWebConfiguration [restartedMain] spring.jpa.open-in-view is enabled by default. Therefore, database queries may be performed during view rendering. Explicitly configure spring.jpa.open-in-view to disable this warning
2022-07-30 01:25:42,992 INFO org.springframework.security.web.DefaultSecurityFilterChain [restartedMain] Will secure any request with [org.springframework.security.web.session.DisableEncodeUrlFilter@3fefc1a7, org.springframework.security.web.context.request.async.WebAsyncManagerIntegrationFilter@343a4e98, org.springframework.security.web.context.SecurityContextPersistenceFilter@c99e71d, org.springframework.security.web.header.HeaderWriterFilter@698db8d, org.springframework.security.web.authentication.logout.LogoutFilter@74b416ae, org.springframework.security.oauth2.client.web.OAuth2AuthorizationRequestRedirectFilter@4b4139bb, org.springframework.security.oauth2.client.web.OAuth2LoginAuthenticationFilter@61c697f5, org.springframework.security.web.authentication.ui.DefaultLoginPageGeneratingFilter@27640a78, org.springframework.security.web.authentication.ui.DefaultLogoutPageGeneratingFilter@5b8528e9, org.springframework.security.oauth2.server.resource.web.BearerTokenAuthenticationFilter@23c21a44, org.springframework.security.web.savedrequest.RequestCacheAwareFilter@586466c3, org.springframework.security.web.servletapi.SecurityContextHolderAwareRequestFilter@ae50b36, org.springframework.security.web.authentication.AnonymousAuthenticationFilter@30f0c7b3, org.springframework.security.web.session.SessionManagementFilter@73266b8f, org.springframework.security.web.access.ExceptionTranslationFilter@6dd80de2, org.springframework.security.web.access.intercept.FilterSecurityInterceptor@541db8dc]
2022-07-30 01:25:43,373 INFO org.springframework.boot.devtools.autoconfigure.OptionalLiveReloadServer [restartedMain] LiveReload server is running on port 35729
2022-07-30 01:25:43,376 INFO org.springframework.boot.actuate.endpoint.web.EndpointLinksResolver [restartedMain] Exposing 3 endpoint(s) beneath base path '/actuator'
2022-07-30 01:25:43,399 INFO org.apache.juli.logging.DirectJDKLog [restartedMain] Starting ProtocolHandler ["http-nio-8080"]
2022-07-30 01:25:43,411 INFO org.springframework.boot.web.embedded.tomcat.TomcatWebServer [restartedMain] Tomcat started on port(s): 8080 (http) with context path ''
2022-07-30 01:25:43,423 INFO org.springframework.boot.StartupInfoLogger [restartedMain] Started FinalProjectApplication in 3.086 seconds (JVM running for 3.531)
2022-07-30 01:25:43,731 INFO org.apache.juli.logging.DirectJDKLog [RMI TCP Connection(3)-192.168.0.5] Initializing Spring DispatcherServlet 'dispatcherServlet'
2022-07-30 01:25:43,731 INFO org.springframework.web.servlet.FrameworkServlet [RMI TCP Connection(3)-192.168.0.5] Initializing Servlet 'dispatcherServlet'
2022-07-30 01:25:43,732 INFO org.springframework.web.servlet.FrameworkServlet [RMI TCP Connection(3)-192.168.0.5] Completed initialization in 1 ms
2022-07-30 01:26:30,152 INFO org.springframework.orm.jpa.AbstractEntityManagerFactoryBean [SpringApplicationShutdownHook] Closing JPA EntityManagerFactory for persistence unit 'default'
2022-07-30 01:26:30,160 INFO com.zaxxer.hikari.HikariDataSource [SpringApplicationShutdownHook] HikariPool-1 - Shutdown initiated...
2022-07-30 01:26:30,167 INFO com.zaxxer.hikari.HikariDataSource [SpringApplicationShutdownHook] HikariPool-1 - Shutdown completed.
